<?xml version="1.0" encoding="UTF-8"?>
<!-- Generated by org.testng.reporters.JUnitReportReporter -->
<testsuite hostname="sys" failures="0" tests="1" name="HealthCare.Register" time="25.713" errors="0" timestamp="2020-03-31T11:28:07 EDT" skipped="0">
  <testcase classname="HealthCare.Register" name="createpatient" time="25.713"/>
  <system-out/>
</testsuite> <!-- HealthCare.Register -->
