<?xml version="1.0" encoding="UTF-8"?>
<!-- Generated by org.testng.reporters.JUnitReportReporter -->
<testsuite hostname="sys" failures="0" tests="1" name="HealthCare.Register" time="25.491" errors="0" timestamp="2020-04-01T01:13:35 EDT" skipped="0">
  <testcase classname="HealthCare.Register" name="createpatient" time="25.491"/>
  <system-out/>
</testsuite> <!-- HealthCare.Register -->
